Running: C:\Xilinx\14.7\ISE_DS\ISE\bin\nt64\unwrapped\fuse.exe -intstyle ise -incremental -o G:/27 05/UCISW2 Projekt/Organy/test_kbdModule_isim_beh.exe -prj G:/27 05/UCISW2 Projekt/Organy/test_kbdModule_beh.prj work.test_kbdModule 
ISim P.20131013 (signature 0x7708f090)
Number of CPUs detected in this system: 4
Turning on mult-threading, number of parallel sub-compilation jobs: 8 
Determining compilation order of HDL files
Parsing VHDL file "G:/27 05/UCISW2 Projekt/Organy/kbdModule.vhd" into library work
Parsing VHDL file "G:/27 05/UCISW2 Projekt/Organy/test_kbdModule.vhd" into library work
Starting static elaboration
Completed static elaboration
Compiling package standard
Compiling package std_logic_1164
Compiling package std_logic_arith
Compiling architecture behavioral of entity kbdModule [kbdmodule_default]
Compiling architecture behavior of entity test_kbdmodule
Time Resolution for simulation is 1ps.
Waiting for 1 sub-compilation(s) to finish...
Compiled 6 VHDL Units
Built simulation executable G:/27 05/UCISW2 Projekt/Organy/test_kbdModule_isim_beh.exe
Fuse Memory Usage: 32816 KB
Fuse CPU Usage: 1171 ms
